<?xml version="1.0" encoding="UTF-8"?>
<testng-results ignored="0" total="1" passed="1" failed="0" skipped="0">
  <reporter-output>
  </reporter-output>
  <suite started-at="2024-02-08T10:04:21 IST" name="Default suite" finished-at="2024-02-08T10:04:22 IST" duration-ms="654">
    <groups>
    </groups>
    <test started-at="2024-02-08T10:04:21 IST" name="Default test" finished-at="2024-02-08T10:04:22 IST" duration-ms="654">
      <class name="SelfAutomationScenariosPractice.JdbcProgram">
        <test-method signature="addData()[pri:0, instance:SelfAutomationScenariosPractice.JdbcProgram@25fb8912]" started-at="2024-02-08T10:04:21 IST" name="addData" finished-at="2024-02-08T10:04:22 IST" duration-ms="580" status="PASS">
          <reporter-output>
          </reporter-output>
        </test-method> <!-- addData -->
      </class> <!-- SelfAutomationScenariosPractice.JdbcProgram -->
    </test> <!-- Default test -->
  </suite> <!-- Default suite -->
</testng-results>
