<?xml version="1.0" encoding="UTF-8"?>
<testng-results ignored="0" total="1" passed="1" failed="0" skipped="0">
  <reporter-output>
  </reporter-output>
  <suite started-at="2024-02-03T11:22:39 IST" name="Default suite" finished-at="2024-02-03T11:23:07 IST" duration-ms="27827">
    <groups>
    </groups>
    <test started-at="2024-02-03T11:22:39 IST" name="Default test" finished-at="2024-02-03T11:23:07 IST" duration-ms="27827">
      <class name="SelfAutomationScenariosPractice.DownloadFileUsingFireFox">
        <test-method signature="downloadFile()[pri:0, instance:SelfAutomationScenariosPractice.DownloadFileUsingFireFox@74751b3]" started-at="2024-02-03T11:22:39 IST" name="downloadFile" finished-at="2024-02-03T11:23:07 IST" duration-ms="27743" status="PASS">
          <reporter-output>
          </reporter-output>
        </test-method> <!-- downloadFile -->
      </class> <!-- SelfAutomationScenariosPractice.DownloadFileUsingFireFox -->
    </test> <!-- Default test -->
  </suite> <!-- Default suite -->
</testng-results>
