<?xml version="1.0" encoding="UTF-8"?>
<!-- Generated by org.testng.reporters.JUnitReportReporter -->
<testsuite hostname="AyanshiRanjan" failures="0" tests="1" name="SelfAutomationScenariosPractice.BrowserNativePopupHandling" time="20.591" errors="0" timestamp="2026-01-21T10:29:07 IST" skipped="0">
  <testcase classname="SelfAutomationScenariosPractice.BrowserNativePopupHandling" name="popupHandlingBrowserNative" time="20.591"/>
</testsuite> <!-- SelfAutomationScenariosPractice.BrowserNativePopupHandling -->
