<?xml version="1.0" encoding="UTF-8"?>
<!-- Generated by org.testng.reporters.JUnitReportReporter -->
<testsuite hostname="AyanshiRanjan" failures="0" tests="1" name="SelfAutomationScenariosPractice.AuthenticationPopupHandling" time="80.200" errors="0" timestamp="2026-01-31T10:43:10 IST" skipped="0">
  <testcase classname="SelfAutomationScenariosPractice.AuthenticationPopupHandling" name="popupHandling" time="80.200"/>
</testsuite> <!-- SelfAutomationScenariosPractice.AuthenticationPopupHandling -->
