<?xml version="1.0" encoding="UTF-8"?>
<!-- Generated by org.testng.reporters.JUnitXMLReporter -->
<testsuite ignored="10" hostname="PunitRanjan2105" failures="0" tests="5" name="Test" time="114.322" errors="0" timestamp="2024-02-27T08:02:59 IST">
  <testcase classname="JavaSelenium.ReleaseJan" name="firstcreateContactAndValidate" time="16.298"/>
  <testcase classname="JavaSelenium.ReleaseJan" name="firstcreateContactAndValidate" time="12.397"/>
  <testcase classname="JavaSelenium.ReleaseJan" name="firstcreateContactAndValidate" time="13.492"/>
  <testcase classname="JavaSelenium.ReleaseJan" name="secondContactAndValidate" time="13.816"/>
  <testcase classname="JavaSelenium.ReleaseJan" name="thirdContactAndValidate" time="12.76"/>
  <testcase classname="JavaSelenium.CreateContactWithDataproviderTest" name="createContactWithDifferentSetsOfData" time="0.0">
    <ignored/>
  </testcase> <!-- createContactWithDifferentSetsOfData -->
  <testcase classname="GenericUtility.BaseClass" name="@AfterSuite closedatabase_connection" time="0.0">
    <ignored/>
  </testcase> <!-- @AfterSuite closedatabase_connection -->
  <testcase classname="GenericUtility.BaseClass" name="@AfterSuite closedatabase_connection" time="0.0">
    <ignored/>
  </testcase> <!-- @AfterSuite closedatabase_connection -->
  <testcase classname="GenericUtility.BaseClass" name="@BeforeTest executionMode" time="0.0">
    <ignored/>
  </testcase> <!-- @BeforeTest executionMode -->
  <testcase classname="GenericUtility.BaseClass" name="@BeforeTest executionMode" time="0.0">
    <ignored/>
  </testcase> <!-- @BeforeTest executionMode -->
  <testcase classname="GenericUtility.BaseClass" name="@BeforeSuite database_connection" time="0.0">
    <ignored/>
  </testcase> <!-- @BeforeSuite database_connection -->
  <testcase classname="GenericUtility.BaseClass" name="@BeforeSuite database_connection" time="0.0">
    <ignored/>
  </testcase> <!-- @BeforeSuite database_connection -->
  <testcase classname="GenericUtility.BaseClass" name="@AfterTest closeexecutionMode" time="0.0">
    <ignored/>
  </testcase> <!-- @AfterTest closeexecutionMode -->
  <testcase classname="GenericUtility.BaseClass" name="@AfterTest closeexecutionMode" time="0.0">
    <ignored/>
  </testcase> <!-- @AfterTest closeexecutionMode -->
  <testcase classname="JavaSelenium.NewJan" name="createContactgf" time="0.0">
    <ignored/>
  </testcase> <!-- createContactgf -->
</testsuite> <!-- Test -->
