<?xml version="1.0" encoding="UTF-8"?>
<!-- Generated by org.testng.reporters.JUnitXMLReporter -->
<testsuite ignored="0" hostname="PunitRanjan2105" failures="0" tests="5" name="Test3" time="147.404" errors="0" timestamp="2024-02-27T09:09:28 IST">
  <testcase classname="JavaSelenium.ReleaseJan" name="firstcreateContactAndValidate" time="34.845"/>
  <testcase classname="JavaSelenium.ReleaseJan" name="firstcreateContactAndValidate" time="17.813"/>
  <testcase classname="JavaSelenium.ReleaseJan" name="firstcreateContactAndValidate" time="16.991"/>
  <testcase classname="JavaSelenium.ReleaseJan" name="secondContactAndValidate" time="12.619"/>
  <testcase classname="JavaSelenium.ReleaseJan" name="thirdContactAndValidate" time="12.572"/>
</testsuite> <!-- Test3 -->
