<?xml version="1.0" encoding="UTF-8"?>
<!-- Generated by org.testng.reporters.JUnitXMLReporter -->
<testsuite ignored="0" hostname="PunitRanjan2105" failures="0" tests="3" name="Test1" time="114.752" errors="0" timestamp="2024-02-27T09:08:56 IST">
  <testcase classname="JavaSelenium.CreateContactWithDataproviderTest" name="createContactWithDifferentSetsOfData" time="28.846"/>
  <testcase classname="JavaSelenium.CreateContactWithDataproviderTest" name="createContactWithDifferentSetsOfData" time="17.439"/>
  <testcase classname="JavaSelenium.CreateContactWithDataproviderTest" name="createContactWithDifferentSetsOfData" time="16.252"/>
</testsuite> <!-- Test1 -->
