<?xml version="1.0" encoding="UTF-8"?>
<!-- Generated by org.testng.reporters.JUnitXMLReporter -->
<testsuite ignored="0" hostname="PunitRanjan2105" failures="0" tests="3" name="Default test" time="61.706" errors="0" timestamp="2024-02-26T09:31:51 IST">
  <testcase classname="JavaSelenium.CreateContactWithDataproviderTest" name="createContactWithDifferentSetsOfData" time="15.517"/>
  <testcase classname="JavaSelenium.CreateContactWithDataproviderTest" name="createContactWithDifferentSetsOfData" time="12.597"/>
  <testcase classname="JavaSelenium.CreateContactWithDataproviderTest" name="createContactWithDifferentSetsOfData" time="12.608"/>
</testsuite> <!-- Default test -->
