<?xml version="1.0" encoding="UTF-8"?>
<!-- Generated by org.testng.reporters.JUnitXMLReporter -->
<testsuite ignored="0" hostname="PunitRanjan2105" failures="0" tests="3" name="Default test" time="69.335" errors="0" timestamp="2024-01-28T11:52:09 IST">
  <testcase classname="JavaSelenium.ReleaseJan" name="createLead" time="0.016"/>
  <testcase classname="JavaSelenium.ReleaseJan" name="createOpp" time="0.002"/>
  <testcase classname="JavaSelenium.ReleaseJan" name="vcreateContact" time="0.003"/>
</testsuite> <!-- Default test -->
